C:\USERS\ALEX\DESKTOP\BLANK TU8 BASE\DLL_LOAD\DEBUG\$DLLLINKER.DLL
C:\USERS\ALEX\DESKTOP\BLANK TU8 BASE\DLL_LOAD\DEBUG\$DLLLINKER.ILK
C:\USERS\ALEX\DESKTOP\BLANK TU8 BASE\DLL_LOAD\DEBUG\DLL_LOAD.OBJ
C:\USERS\ALEX\DESKTOP\BLANK TU8 BASE\DLL_LOAD\DEBUG\DLL_LOAD.PCH
C:\USERS\ALEX\DESKTOP\BLANK TU8 BASE\DLL_LOAD\DEBUG\DLL_LOAD.PDB
C:\USERS\ALEX\DESKTOP\BLANK TU8 BASE\DLL_LOAD\DEBUG\STDAFX.OBJ
C:\USERS\ALEX\DESKTOP\BLANK TU8 BASE\DLL_LOAD\DEBUG\VC100.PDB
C:\USERS\ALEX\DESKTOP\IMJTAGMODZ W2 TU8 MENU BASE V2\DLL_LOAD\DEBUG\$DLLLINKER.DLL
C:\USERS\ALEX\DESKTOP\IMJTAGMODZ W2 TU8 MENU BASE V2\DLL_LOAD\DEBUG\$DLLLINKER.ILK
C:\Users\Alex\Desktop\ImJtagModz W2 Tu8 Menu Base V2\dll_load\Debug\cl.command.1.tlog
C:\Users\Alex\Desktop\ImJtagModz W2 Tu8 Menu Base V2\dll_load\Debug\CL.read.1.tlog
C:\Users\Alex\Desktop\ImJtagModz W2 Tu8 Menu Base V2\dll_load\Debug\CL.write.1.tlog
C:\USERS\ALEX\DESKTOP\IMJTAGMODZ W2 TU8 MENU BASE V2\DLL_LOAD\DEBUG\DLL_LOAD.OBJ
C:\USERS\ALEX\DESKTOP\IMJTAGMODZ W2 TU8 MENU BASE V2\DLL_LOAD\DEBUG\DLL_LOAD.PCH
C:\USERS\ALEX\DESKTOP\IMJTAGMODZ W2 TU8 MENU BASE V2\DLL_LOAD\DEBUG\DLL_LOAD.PDB
C:\Users\Alex\Desktop\ImJtagModz W2 Tu8 Menu Base V2\dll_load\Debug\dll_load.vcxprojResolveAssemblyReference.cache
C:\Users\Alex\Desktop\ImJtagModz W2 Tu8 Menu Base V2\dll_load\Debug\dll_load.write.1.tlog
C:\Users\Alex\Desktop\ImJtagModz W2 Tu8 Menu Base V2\dll_load\Debug\dll_load.xdb
C:\Users\Alex\Desktop\ImJtagModz W2 Tu8 Menu Base V2\dll_load\Debug\link.command.1.tlog
C:\Users\Alex\Desktop\ImJtagModz W2 Tu8 Menu Base V2\dll_load\Debug\link.read.1.tlog
C:\Users\Alex\Desktop\ImJtagModz W2 Tu8 Menu Base V2\dll_load\Debug\link.write.1.tlog
C:\USERS\ALEX\DESKTOP\IMJTAGMODZ W2 TU8 MENU BASE V2\DLL_LOAD\DEBUG\STDAFX.OBJ
C:\Users\Alex\Desktop\ImJtagModz W2 Tu8 Menu Base V2\dll_load\Debug\vc100.idb
C:\USERS\ALEX\DESKTOP\IMJTAGMODZ W2 TU8 MENU BASE V2\DLL_LOAD\DEBUG\VC100.PDB
